<?xml version="1.0" encoding="UTF-8"?>
<!-- Generated by org.testng.reporters.JUnitReportReporter -->
<testsuite skipped="3" hostname="ANGAD" name="TestNG_Pkg_Anand.Class_TestNG_Anand" tests="3" failures="0" timestamp="24 Sep 2017 10:43:22 GMT" time="0.000" errors="0">
  <testcase name="Z_Method" time="0.000" classname="TestNG_Pkg_Anand.Class_TestNG_Anand">
    <skipped/>
  </testcase> <!-- Z_Method -->
  <testcase name="Y_Method" time="0.000" classname="TestNG_Pkg_Anand.Class_TestNG_Anand">
    <skipped/>
  </testcase> <!-- Y_Method -->
  <testcase name="A_Method" time="0.000" classname="TestNG_Pkg_Anand.Class_TestNG_Anand">
    <skipped/>
  </testcase> <!-- A_Method -->
</testsuite> <!-- TestNG_Pkg_Anand.Class_TestNG_Anand -->
