<?xml version="1.0" encoding="UTF-8"?>
<!-- Generated by org.testng.reporters.JUnitReportReporter -->
<testsuite skipped="0" hostname="ANGAD" name="Call_FinacePortal.Runner" tests="1" failures="0" timestamp="23 Dec 2017 13:26:50 GMT" time="0.016" errors="0">
  <testcase name="Call_Cucumber" time="0.016" classname="Call_FinacePortal.Runner"/>
</testsuite> <!-- Call_FinacePortal.Runner -->
