<?xml version="1.0" encoding="UTF-8"?>
<!-- Generated by org.testng.reporters.JUnitReportReporter -->
<testsuite skipped="0" hostname="ANGAD" name="Call_FinacePortal.abc" tests="1" failures="0" timestamp="23 Dec 2017 12:57:20 GMT" time="0.014" errors="0">
  <testcase name="aas" time="0.014" classname="Call_FinacePortal.abc"/>
</testsuite> <!-- Call_FinacePortal.abc -->
